RMS residual = 13.55
RMS residual = 51.20
Fit:
IH     = -20.90
ID     = -36.34
CH     =  -4.17
NP     = +15.36
MA     =  -7.14
ME     = -14.50
DAF    = +33.46
HHSH   =  -7.58
HHCH   = +23.10
HHSH2  =  +0.41
HHCH2  =  -0.22
HDSD   =  +1.31
HDCD   =  +2.80
HDSD2  =  -1.89
HDCD2  =  -0.23
DICD   =  +1.37
RMS residual = 0.61
RMS residual = 0.61
RMS residual = 0.44
RMS residual = 0.44
RMS residual = 21.52
RMS residual = 41.95
Fit:
IH     = -31.09
ID     = +33.75
CH     =  +3.92
NP     =  +5.18
MA     =  -7.98
ME     = -13.22
DAF    =  +5.47
HHSH   =  -9.42
HHCH   = +10.86
HHSH2  =  +1.04
HHCH2  =  +0.20
HDSD   =  +1.36
HDCD   =  +3.38
HDSD2  =  -1.29
HDCD2  =  -0.77
DICD   =  +1.33
RMS residual = 0.59
RMS residual = 0.59
RMS residual = 0.32
RMS residual = 0.32
