RMS residual = 109.63
RMS residual = 135.46
Fit:
IH     = -25.30
ID     = -40.65
CH     = -102.96
NP     = +76.90
MA     =  -3.51
ME     = -16.08
TF     =  -3.37
FO     =  +4.54
DAF    = +153.07
HHSH   =  +0.04
HHCH   = +125.74
HHSH2  =  -1.39
HHCH2  =  -0.32
HDSD   =  +4.80
HDCD   =  -0.87
HDSD2  =  -3.01
HDCD2  =  +0.25
C0     =  +1.79
C1     =  +0.73
RMS residual = 1.14
RMS residual = 1.14
RMS residual = 0.63
RMS residual = 0.63
RMS residual = 107.50
RMS residual = 106.14
Fit:
IH     = -29.01
ID     = +30.67
CH     = +103.84
NP     = -11.70
MA     = -10.83
ME     = -15.37
TF     =  -0.42
FO     =  +3.20
DAF    = -28.20
HHSH   =  -4.82
HHCH   = -17.10
HHSH2  =  -1.29
HHCH2  =  +0.41
HDSD   =  +1.89
HDCD   =  +3.68
HDSD2  =  -1.47
HDCD2  =  -1.80
C0     =  +1.75
C1     =  -0.93
RMS residual = 0.86
RMS residual = 0.86
RMS residual = 0.50
RMS residual = 0.50
