RMS residual = 93.47
RMS residual = 85.38
Fit:
IH     = -24.31
ID     = -35.96
CH     = +94.72
NP     = -13.38
MA     = -10.01
ME     = -13.44
TF     =  +0.39
FO     =  -1.35
DAF    = -24.18
HHSH   =  -3.42
HHCH   = -20.93
HHSH2  =  -0.81
HHCH2  =  +1.15
HDSD   =  +1.14
HDCD   =  +6.69
HDSD2  =  -1.40
HDCD2  =  -0.93
C0     =  +0.94
C1     =  -0.36
RMS residual = 0.70
RMS residual = 0.70
RMS residual = 0.54
RMS residual = 0.54
RMS residual = 99.08
RMS residual = 112.72
Fit:
IH     = -28.23
ID     = +35.32
CH     = -95.50
NP     =  -2.48
MA     =  -5.14
ME     = -13.92
TF     =  -0.65
FO     =  +0.93
DAF    =  -6.32
HHSH   =  -4.88
HHCH   =  -4.15
HHSH2  =  -0.08
HHCH2  =  -0.65
HDSD   =  +2.36
HDCD   =  +3.13
HDSD2  =  -1.46
HDCD2  =  +0.11
C0     =  +0.89
C1     =  +0.46
RMS residual = 0.49
RMS residual = 0.49
RMS residual = 0.42
RMS residual = 0.42
