RMS residual = 19.87 am 1192.2 as (without model)
n_pointings = 21
20210409T034950C1o  -49.57  25.14 +188.93  25.25  +0.21  +6.27
20210409T035239C1o  -29.46  -4.84 +169.51  -4.74  -1.89  +3.06
20210409T035531C1o  -29.52  35.15 +170.26  35.26  +0.25  +5.07
20210409T035647C1o  -29.68  55.15 +170.74  55.27  +2.89  +4.41
20210409T035835C1o   -9.40 -14.84 +150.94 -14.75  -1.99  +2.85
20210409T040015C1o   -9.43   5.16 +151.37   5.25  -2.19  +4.51
20210409T040135C1o   -9.54  25.15 +151.79  25.25  -1.15  +5.20
20210409T040311C1o   -9.52  45.15 +152.15  45.26  +0.98  +4.48
20210409T040507C1o  +10.63 -24.83 +132.57 -24.77  -1.81  +2.40
20210409T040646C1o  +10.57  -4.84 +133.01  -4.76  -2.65  +3.98
20210409T040826C1o  +10.57  15.16 +133.41  15.23  -2.33  +3.97
20210409T040959C1o  +10.51  35.15 +133.82  35.23  -0.87  +4.46
20210409T041308C1o  +30.59 -14.83 +114.60 -14.79  -3.08  +1.52
20210409T041449C1o  +30.59   5.16 +114.99   5.20  -3.45  +3.31
20210409T041619C1o  +30.53  25.15 +115.39  25.20  -2.62  +4.78
20210409T041738C1o  +30.44  45.15 +115.76  45.20  -0.72  +4.20
20210409T041919C1o  +50.59  -4.83  +96.13  -4.83  -4.77  +1.13
20210409T042040C1o  +50.52  15.16  +96.51  15.17  -4.69  +3.39
20210409T042219C1o  +50.57  35.15  +96.82  35.16  -3.28  +4.36
20210409T042337C1o  +50.41  55.16  +97.22  55.17  -0.83  +3.92
20210409T042504C1o  +70.53  45.15  +77.51  45.12  -4.11  +4.15
RMS residual = 4.81 am 288.7 as (with original model)
Fitting model ... done.
Residuals:
20210409T034950C1o  -49.57  25.14 +188.93  25.25  +0.21  +6.27  +0.05  +0.15
20210409T035239C1o  -29.46  -4.84 +169.51  -4.74  -1.89  +3.06  -0.37  -0.57
20210409T035531C1o  -29.52  35.15 +170.26  35.26  +0.25  +5.07  +0.22  -0.41
20210409T035647C1o  -29.68  55.15 +170.74  55.27  +2.89  +4.41  +0.02  -0.18
20210409T035835C1o   -9.40 -14.84 +150.94 -14.75  -1.99  +2.85  -0.19  +0.02
20210409T040015C1o   -9.43   5.16 +151.37   5.25  -2.19  +4.51  +0.08  +0.28
20210409T040135C1o   -9.54  25.15 +151.79  25.25  -1.15  +5.20  +0.22  +0.12
20210409T040311C1o   -9.52  45.15 +152.15  45.26  +0.98  +4.48  +0.20  +0.13
20210409T040507C1o  +10.63 -24.83 +132.57 -24.77  -1.81  +2.40  +0.01  +0.01
20210409T040646C1o  +10.57  -4.84 +133.01  -4.76  -2.65  +3.98  -0.00  +0.99
20210409T040826C1o  +10.57  15.16 +133.41  15.23  -2.33  +3.97  -0.03  -0.45
20210409T040959C1o  +10.51  35.15 +133.82  35.23  -0.87  +4.46  -0.05  +0.02
20210409T041308C1o  +30.59 -14.83 +114.60 -14.79  -3.08  +1.52  +0.21  -0.08
20210409T041449C1o  +30.59   5.16 +114.99   5.20  -3.45  +3.31  -0.06  +0.05
20210409T041619C1o  +30.53  25.15 +115.39  25.20  -2.62  +4.78  -0.18  +0.43
20210409T041738C1o  +30.44  45.15 +115.76  45.20  -0.72  +4.20  -0.15  +0.38
20210409T041919C1o  +50.59  -4.83  +96.13  -4.83  -4.77  +1.13  +0.33  -0.42
20210409T042040C1o  +50.52  15.16  +96.51  15.17  -4.69  +3.39  -0.07  -0.27
20210409T042219C1o  +50.57  35.15  +96.82  35.16  -3.28  +4.36  -0.14  +0.05
20210409T042337C1o  +50.41  55.16  +97.22  55.17  -0.83  +3.92  -0.04  +0.18
20210409T042504C1o  +70.53  45.15  +77.51  45.12  -4.11  +4.15  -0.06  -0.45
Config parameters:
      "IH": "-0.003156"
      "ID": "+0.009765"
      "CH": "+0.002381"
      "NP": "-0.000402"
      "MA": "-0.000365"
      "ME": "+0.000440"
      "TF": "-0.001917"
      "FO": "+0.000000"
      "DAF": "+0.000000"
      "HHSH": "-0.000336"
      "HHCH": "+0.000028"
      "HHSH2": "+0.000840"
      "HHCH2": "+0.000037"
      "HDSD": "-0.003201"
      "HDCD": "-0.013247"
      "HDSD2": "+0.003085"
      "HDCD2": "+0.003118"
      "PXD": "+0.000000"
      "PXH": "+0.000000"
      "PXD2": "+0.000000"
      "PXDH": "+0.000000"
      "PXH2": "+0.000000"
      "PDD": "+0.000000"
      "PDH": "+0.000000"
      "PDD2": "+0.000000"
      "PDDH": "+0.000000"
      "PDH2": "+0.000000"
      "DICD": "+0.000000"
      "C0": "+0.000000"
      "C1": "+0.000000"
      "C2": "+0.000000"
      "C3": "+0.000000"
Fit:
IH     = -10.85
ID     = +33.57
CH     =  +8.18
NP     =  -1.38
MA     =  -1.26
ME     =  +1.51
TF     =  -6.59
HHSH   =  -1.15
HHCH   =  +0.10
HHSH2  =  +2.89
HHCH2  =  +0.13
HDSD   = -11.00
HDCD   = -45.54
HDSD2  = +10.61
HDCD2  = +10.72
RMS residual = 0.39 am 23.5 as (with new model)
RMS residual = 0.39 am 23.5 as (with new model in restricted region)
