RMS residual = 20.21 am 1212.5 as (with original model)
n_pointings = 21
20210409T034950C1o/20210409T034950.979  -49.57  25.14 +189.26  25.08 -17.90  -4.48
20210409T035239C1o/20210409T035239.542  -29.46  -4.84 +169.78  -4.85 -18.29  -3.96
20210409T035531C1o/20210409T035531.827  -29.52  35.15 +170.64  35.10 -18.08  -4.66
20210409T035647C1o/20210409T035647.746  -29.68  55.15 +171.35  55.11 -18.04  -5.23
20210409T035835C1o/20210409T035835.184   -9.40 -14.84 +151.23 -14.86 -18.75  -3.81
20210409T040015C1o/20210409T040015.477   -9.43   5.16 +151.65   5.11 -18.69  -4.03
20210409T040135C1o/20210409T040134.987   -9.54  25.15 +152.11  25.09 -18.62  -4.40
20210409T040311C1o/20210409T040311.026   -9.52  45.15 +152.61  45.10 -18.57  -4.96
20210409T040507C1o/20210409T040507.407  +10.63 -24.83 +132.90 -24.87 -19.37  -3.75
20210409T040646C1o/20210409T040646.579  +10.57  -4.84 +133.29  -4.90 -19.27  -3.89
20210409T040826C1o/20210409T040826.804  +10.57  15.16 +133.70  15.10 -19.24  -4.19
20210409T040959C1o/20210409T040959.792  +10.51  35.15 +134.19  35.08 -19.35  -4.76
20210409T041308C1o/20210409T041308.105  +30.59 -14.83 +114.90 -14.89 -20.56  -4.15
20210409T041449C1o/20210409T041449.426  +30.59   5.16 +115.28   5.08 -20.46  -4.34
20210409T041619C1o/20210409T041619.385  +30.53  25.15 +115.72  25.04 -20.43  -4.71
20210409T041738C1o/20210409T041738.848  +30.44  45.15 +116.22  45.05 -20.46  -5.14
20210409T041919C1o/20210409T041919.381  +50.59  -4.83  +96.41  -4.92 -21.26  -4.45
20210409T042040C1o/20210409T042040.463  +50.52  15.16  +96.80  15.03 -21.20  -4.64
20210409T042219C1o/20210409T042219.036  +50.57  35.15  +97.18  35.01 -21.20  -4.92
20210409T042337C1o/20210409T042337.427  +50.41  55.16  +97.81  55.02 -21.29  -5.30
20210409T042504C1o/20210409T042504.601  +70.53  45.15  +77.92  44.97 -21.73  -5.03
RMS residual = 20.21 am 1212.5 as (without model)
Fitting model ... done.
Residuals:
20210409T034950C1o/20210409T034950.979  -49.57  25.14 +189.26  25.08 -17.90  -4.48  +0.01  -0.02
20210409T035239C1o/20210409T035239.542  -29.46  -4.84 +169.78  -4.85 -18.29  -3.96  -0.16  +0.06
20210409T035531C1o/20210409T035531.827  -29.52  35.15 +170.64  35.10 -18.08  -4.66  -0.01  +0.00
20210409T035647C1o/20210409T035647.746  -29.68  55.15 +171.35  55.11 -18.04  -5.23  +0.01  -0.09
20210409T035835C1o/20210409T035835.184   -9.40 -14.84 +151.23 -14.86 -18.75  -3.81  -0.04  -0.05
20210409T040015C1o/20210409T040015.477   -9.43   5.16 +151.65   5.11 -18.69  -4.03  -0.02  -0.05
20210409T040135C1o/20210409T040134.987   -9.54  25.15 +152.11  25.09 -18.62  -4.40  +0.02  +0.06
20210409T040311C1o/20210409T040311.026   -9.52  45.15 +152.61  45.10 -18.57  -4.96  +0.05  +0.11
20210409T040507C1o/20210409T040507.407  +10.63 -24.83 +132.90 -24.87 -19.37  -3.75  +0.16  +0.05
20210409T040646C1o/20210409T040646.579  +10.57  -4.84 +133.29  -4.90 -19.27  -3.89  +0.21  -0.03
20210409T040826C1o/20210409T040826.804  +10.57  15.16 +133.70  15.10 -19.24  -4.19  +0.20  +0.05
20210409T040959C1o/20210409T040959.792  +10.51  35.15 +134.19  35.08 -19.35  -4.76  +0.07  +0.07
20210409T041308C1o/20210409T041308.105  +30.59 -14.83 +114.90 -14.89 -20.56  -4.15  -0.17  -0.06
20210409T041449C1o/20210409T041449.426  +30.59   5.16 +115.28   5.08 -20.46  -4.34  -0.11  -0.13
20210409T041619C1o/20210409T041619.385  +30.53  25.15 +115.72  25.04 -20.43  -4.71  -0.10  -0.10
20210409T041738C1o/20210409T041738.848  +30.44  45.15 +116.22  45.05 -20.46  -5.14  -0.15  +0.00
20210409T041919C1o/20210409T041919.381  +50.59  -4.83  +96.41  -4.92 -21.26  -4.45  -0.04  +0.14
20210409T042040C1o/20210409T042040.463  +50.52  15.16  +96.80  15.03 -21.20  -4.64  -0.01  -0.01
20210409T042219C1o/20210409T042219.036  +50.57  35.15  +97.18  35.01 -21.20  -4.92  -0.01  -0.02
20210409T042337C1o/20210409T042337.427  +50.41  55.16  +97.81  55.02 -21.29  -5.30  -0.11  -0.01
20210409T042504C1o/20210409T042504.601  +70.53  45.15  +77.92  44.97 -21.73  -5.03  +0.19  +0.01
Config parameters:
      "IH": "+0.000000"
      "ID": "-0.001360"
      "CH": "-0.005530"
      "NP": "+0.000000"
      "MA": "+0.000000"
      "ME": "+0.000000"
      "TF": "-0.001126"
      "FO": "+0.000000"
      "DAF": "+0.000000"
      "HHSH": "+0.000000"
      "HHCH": "+0.000000"
      "HHSH2": "+0.000000"
      "HHCH2": "+0.000000"
      "HDSD": "+0.000000"
      "HDCD": "+0.000000"
      "HDSD2": "+0.000000"
      "HDCD2": "+0.000000"
      "PXD": "-0.000012"
      "PXH": "+0.000307"
      "PXD2": "-0.000024"
      "PXDH": "+0.000000"
      "PXH2": "-0.000207"
      "PDD": "+0.000605"
      "PDH": "-0.000053"
      "PDD2": "-0.000077"
      "PDDH": "-0.000060"
      "PDH2": "-0.000231"
      "DICD": "+0.000000"
      "C0": "+0.000000"
      "C1": "+0.000000"
      "C2": "+0.000000"
      "C3": "+0.000000"
Fit:
ID     =  -4.68
CH     = -19.01
TF     =  -3.87
PXD    =  -0.04
PXH    =  +1.05
PXD2   =  -0.08
PXDH   =  +0.00
PXH2   =  -0.71
PDD    =  +2.08
PDH    =  -0.18
PDD2   =  -0.27
PDDH   =  -0.21
PDH2   =  -0.79
RMS residual = 0.13 am 8.0 as (with new model)
RMS residual = 0.13 am 8.0 as (with new model in restricted region)
