RMS residual = 20.22 am 1213.3 as (with original model)
n_pointings = 21
20210409T034950.979/20210409T034950C1o  -49.57  25.14 +188.66  25.29 +32.41 +12.72
20210409T035239.542/20210409T035239C1o  -29.46  -4.84 +169.16  -4.64 +37.27 +12.81
20210409T035531.827/20210409T035531C1o  -29.52  35.15 +170.00  35.32 +31.45 +13.27
20210409T035647.746/20210409T035647C1o  -29.68  55.15 +170.64  55.34 +24.21 +14.21
20210409T035835.184/20210409T035835C1o   -9.40 -14.84 +150.58 -14.64 +37.84 +12.86
20210409T040015.477/20210409T040015C1o   -9.44   5.16 +151.01   5.33 +38.41 +13.02
20210409T040134.987/20210409T040135C1o   -9.54  25.15 +151.46  25.31 +35.49 +13.27
20210409T040311.026/20210409T040311C1o   -9.52  45.15 +151.91  45.33 +29.45 +13.98
20210409T040507.407/20210409T040507C1o  +10.63 -24.83 +132.21 -24.65 +37.14 +12.90
20210409T040646.579/20210409T040646C1o  +10.57  -4.84 +132.63  -4.68 +39.49 +13.10
20210409T040826.804/20210409T040826C1o  +10.57  15.16 +133.03  15.32 +38.41 +13.26
20210409T040959.792/20210409T040959C1o  +10.51  35.15 +133.50  35.31 +34.09 +13.79
20210409T041308.105/20210409T041308C1o  +30.59 -14.83 +114.21 -14.66 +40.43 +13.46
20210409T041449.426/20210409T041449C1o  +30.59   5.16 +114.59   5.30 +41.14 +13.54
20210409T041619.385/20210409T041619C1o  +30.53  25.15 +115.01  25.27 +38.41 +13.73
20210409T041738.848/20210409T041738C1o  +30.44  45.15 +115.46  45.29 +32.56 +14.28
20210409T041919.381/20210409T041919C1o  +50.59  -4.83  +95.68  -4.70 +43.18 +13.75
20210409T042040.463/20210409T042040C1o  +50.52  15.16  +96.07  15.26 +42.22 +13.67
20210409T042219.036/20210409T042219C1o  +50.56  35.15  +96.41  35.24 +37.80 +13.79
20210409T042337.427/20210409T042337C1o  +50.41  55.16  +96.92  55.26 +30.51 +14.50
20210409T042504.601/20210409T042504C1o  +70.53  45.15  +77.06  45.19 +36.69 +13.64
RMS residual = 38.84 am 2330.3 as (without model)
Fitting model ... done.
Residuals:
20210409T034950.979/20210409T034950C1o  -49.57  25.14 +188.66  25.29 +32.41 +12.72  +0.01  +0.34
20210409T035239.542/20210409T035239C1o  -29.46  -4.84 +169.16  -4.64 +37.27 +12.81  +0.17  +0.13
20210409T035531.827/20210409T035531C1o  -29.52  35.15 +170.00  35.32 +31.45 +13.27  -0.11  +0.07
20210409T035647.746/20210409T035647C1o  -29.68  55.15 +170.64  55.34 +24.21 +14.21  -0.24  +0.03
20210409T035835.184/20210409T035835C1o   -9.40 -14.84 +150.58 -14.64 +37.84 +12.86  +0.12  +0.03
20210409T040015.477/20210409T040015C1o   -9.44   5.16 +151.01   5.33 +38.41 +13.02  +0.13  -0.07
20210409T040134.987/20210409T040135C1o   -9.54  25.15 +151.46  25.31 +35.49 +13.27  +0.04  -0.15
20210409T040311.026/20210409T040311C1o   -9.52  45.15 +151.91  45.33 +29.45 +13.98  -0.11  -0.16
20210409T040507.407/20210409T040507C1o  +10.63 -24.83 +132.21 -24.65 +37.14 +12.90  -0.14  -0.05
20210409T040646.579/20210409T040646C1o  +10.57  -4.84 +132.63  -4.68 +39.49 +13.10  -0.11  -0.15
20210409T040826.804/20210409T040826C1o  +10.57  15.16 +133.03  15.32 +38.41 +13.26  -0.10  -0.24
20210409T040959.792/20210409T040959C1o  +10.51  35.15 +133.50  35.31 +34.09 +13.79  -0.02  -0.18
20210409T041308.105/20210409T041308C1o  +30.59 -14.83 +114.21 -14.66 +40.43 +13.46  +0.08  +0.04
20210409T041449.426/20210409T041449C1o  +30.59   5.16 +114.59   5.30 +41.14 +13.54  +0.06  -0.01
20210409T041619.385/20210409T041619C1o  +30.53  25.15 +115.01  25.27 +38.41 +13.73  +0.09  -0.01
20210409T041738.848/20210409T041738C1o  +30.44  45.15 +115.46  45.29 +32.56 +14.28  +0.17  -0.09
20210409T041919.381/20210409T041919C1o  +50.59  -4.83  +95.68  -4.70 +43.18 +13.75  -0.14  +0.08
20210409T042040.463/20210409T042040C1o  +50.52  15.16  +96.07  15.26 +42.22 +13.67  -0.13  +0.10
20210409T042219.036/20210409T042219C1o  +50.56  35.15  +96.41  35.24 +37.80 +13.79  -0.05  +0.08
20210409T042337.427/20210409T042337C1o  +50.41  55.16  +96.92  55.26 +30.51 +14.50  +0.22  -0.03
20210409T042504.601/20210409T042504C1o  +70.53  45.15  +77.06  45.19 +36.69 +13.64  +0.06  +0.24
Config parameters:
      "IH": "+0.008277"
      "ID": "+0.004898"
      "CH": "+0.003075"
      "NP": "+0.000031"
      "MA": "+0.000235"
      "ME": "+0.000121"
      "TF": "+0.000995"
      "FO": "+0.000000"
      "DAF": "+0.000000"
      "HHSH": "+0.001729"
      "HHCH": "+0.000075"
      "HHSH2": "-0.000806"
      "HHCH2": "-0.000085"
      "HDSD": "-0.000012"
      "HDCD": "-0.001098"
      "HDSD2": "-0.000313"
      "HDCD2": "+0.000422"
      "PXD": "+0.000000"
      "PXH": "+0.000000"
      "PXD2": "+0.000000"
      "PXDH": "+0.000000"
      "PXH2": "+0.000000"
      "PDD": "+0.000000"
      "PDH": "+0.000000"
      "PDD2": "+0.000000"
      "PDDH": "+0.000000"
      "PDH2": "+0.000000"
      "DICD": "+0.000000"
      "C0": "+0.000000"
      "C1": "+0.000000"
      "C2": "+0.000000"
      "C3": "+0.000000"
Fit:
IH     = +28.45
ID     = +16.84
CH     = +10.57
NP     =  +0.11
MA     =  +0.81
ME     =  +0.42
TF     =  +3.42
HHSH   =  +5.95
HHCH   =  +0.26
HHSH2  =  -2.77
HHCH2  =  -0.29
HDSD   =  -0.04
HDCD   =  -3.77
HDSD2  =  -1.08
HDCD2  =  +1.45
RMS residual = 0.19 am 11.2 as (with new model)
RMS residual = 0.19 am 11.2 as (with new model in restricted region)
