RMS residual = 38.88 am 2332.9 as (with original model)
n_pointings = 21
20210409T034950C1o/20210409T034950.990  -49.57  25.14 +189.17  25.75 -13.01 +36.26
20210409T035239C1o/20210409T035239.554  -29.46  -4.84 +169.70  -4.17 -13.13 +36.75
20210409T035531C1o/20210409T035531.838  -29.52  35.15 +170.54  35.77 -13.20 +35.83
20210409T035647C1o/20210409T035647.758  -29.68  55.15 +171.21  55.78 -13.35 +35.40
20210409T035835C1o/20210409T035835.196   -9.40 -14.84 +151.14 -14.18 -13.41 +36.95
20210409T040015C1o/20210409T040015.489   -9.43   5.16 +151.56   5.79 -13.44 +36.49
20210409T040135C1o/20210409T040134.999   -9.54  25.15 +152.02  25.77 -13.46 +36.01
20210409T040311C1o/20210409T040311.036   -9.52  45.15 +152.49  45.77 -13.54 +35.52
20210409T040507C1o/20210409T040507.417  +10.63 -24.83 +132.80 -24.19 -13.90 +37.14
20210409T040646C1o/20210409T040646.591  +10.57  -4.84 +133.20  -4.22 -13.84 +36.72
20210409T040826C1o/20210409T040826.814  +10.57  15.16 +133.61  15.77 -13.90 +36.24
20210409T040959C1o/20210409T040959.802  +10.51  35.15 +134.08  35.75 -14.01 +35.73
20210409T041308C1o/20210409T041308.115  +30.59 -14.83 +114.80 -14.21 -14.57 +36.85
20210409T041449C1o/20210409T041449.437  +30.59   5.16 +115.18   5.76 -14.52 +36.42
20210409T041619C1o/20210409T041619.397  +30.53  25.15 +115.61  25.72 -14.57 +35.98
20210409T041738C1o/20210409T041738.858  +30.44  45.15 +116.09  45.73 -14.69 +35.59
20210409T041919C1o/20210409T041919.394  +50.59  -4.83  +96.30  -4.24 -15.19 +36.60
20210409T042040C1o/20210409T042040.473  +50.52  15.16  +96.69  15.71 -15.22 +36.24
20210409T042219C1o/20210409T042219.046  +50.57  35.15  +97.06  35.69 -15.25 +35.91
20210409T042337C1o/20210409T042337.440  +50.41  55.16  +97.64  55.70 -15.41 +35.60
20210409T042504C1o/20210409T042504.612  +70.53  45.15  +77.78  45.65 -15.72 +35.98
RMS residual = 38.88 am 2332.9 as (without model)
Fitting model ... done.
Residuals:
20210409T034950C1o/20210409T034950.990  -49.57  25.14 +189.17  25.75 -13.01 +36.26  +0.02  +0.04
20210409T035239C1o/20210409T035239.554  -29.46  -4.84 +169.70  -4.17 -13.13 +36.75  -0.09  +0.01
20210409T035531C1o/20210409T035531.838  -29.52  35.15 +170.54  35.77 -13.20 +35.83  -0.01  -0.03
20210409T035647C1o/20210409T035647.758  -29.68  55.15 +171.21  55.78 -13.35 +35.40  -0.02  -0.04
20210409T035835C1o/20210409T035835.196   -9.40 -14.84 +151.14 -14.18 -13.41 +36.95  -0.00  -0.02
20210409T040015C1o/20210409T040015.489   -9.43   5.16 +151.56   5.79 -13.44 +36.49  -0.02  -0.02
20210409T040135C1o/20210409T040134.999   -9.54  25.15 +152.02  25.77 -13.46 +36.01  +0.02  +0.02
20210409T040311C1o/20210409T040311.036   -9.52  45.15 +152.49  45.77 -13.54 +35.52  +0.05  +0.03
20210409T040507C1o/20210409T040507.417  +10.63 -24.83 +132.80 -24.19 -13.90 +37.14  +0.06  +0.01
20210409T040646C1o/20210409T040646.591  +10.57  -4.84 +133.20  -4.22 -13.84 +36.72  +0.08  -0.01
20210409T040826C1o/20210409T040826.814  +10.57  15.16 +133.61  15.77 -13.90 +36.24  +0.05  +0.01
20210409T040959C1o/20210409T040959.802  +10.51  35.15 +134.08  35.75 -14.01 +35.73  +0.02  +0.02
20210409T041308C1o/20210409T041308.115  +30.59 -14.83 +114.80 -14.21 -14.57 +36.85  -0.03  +0.00
20210409T041449C1o/20210409T041449.437  +30.59   5.16 +115.18   5.76 -14.52 +36.42  +0.00  -0.03
20210409T041619C1o/20210409T041619.397  +30.53  25.15 +115.61  25.72 -14.57 +35.98  -0.00  -0.03
20210409T041738C1o/20210409T041738.858  +30.44  45.15 +116.09  45.73 -14.69 +35.59  -0.03  +0.03
20210409T041919C1o/20210409T041919.394  +50.59  -4.83  +96.30  -4.24 -15.19 +36.60  -0.04  +0.04
20210409T042040C1o/20210409T042040.473  +50.52  15.16  +96.69  15.71 -15.22 +36.24  -0.07  -0.01
20210409T042219C1o/20210409T042219.046  +50.57  35.15  +97.06  35.69 -15.25 +35.91  -0.03  -0.01
20210409T042337C1o/20210409T042337.440  +50.41  55.16  +97.64  55.70 -15.41 +35.60  -0.09  +0.02
20210409T042504C1o/20210409T042504.612  +70.53  45.15  +77.78  45.65 -15.72 +35.98  +0.13  -0.03
Config parameters:
      "IH": "+0.000000"
      "ID": "+0.010418"
      "CH": "-0.003998"
      "NP": "+0.000000"
      "MA": "+0.000000"
      "ME": "+0.000000"
      "TF": "-0.000583"
      "FO": "+0.000000"
      "DAF": "+0.000000"
      "HHSH": "+0.000000"
      "HHCH": "+0.000000"
      "HHSH2": "+0.000000"
      "HHCH2": "+0.000000"
      "HDSD": "+0.000000"
      "HDCD": "+0.000000"
      "HDSD2": "+0.000000"
      "HDCD2": "+0.000000"
      "PXD": "-0.000102"
      "PXH": "+0.000089"
      "PXD2": "-0.000068"
      "PXDH": "+0.000028"
      "PXH2": "-0.000151"
      "PDD": "+0.000143"
      "PDH": "-0.000025"
      "PDD2": "+0.000050"
      "PDDH": "-0.000008"
      "PDH2": "-0.000030"
      "DICD": "+0.000000"
      "C0": "+0.000000"
      "C1": "+0.000000"
      "C2": "+0.000000"
      "C3": "+0.000000"
Fit:
ID     = +35.81
CH     = -13.75
TF     =  -2.01
PXD    =  -0.35
PXH    =  +0.30
PXD2   =  -0.23
PXDH   =  +0.10
PXH2   =  -0.52
PDD    =  +0.49
PDH    =  -0.09
PDD2   =  +0.17
PDDH   =  -0.03
PDH2   =  -0.10
RMS residual = 0.06 am 3.4 as (with new model)
RMS residual = 0.06 am 3.4 as (with new model in restricted region)
