RMS residual = 41.08 am 2465.1 as (with original model)
n_pointings = 27
20210409T034536.834/20210409T034536.822  -69.11  35.13 +207.84  35.06  -4.70 -40.98
20210409T034650.325/20210409T034650.315  -69.73  55.13 +209.06  55.06  -4.40 -40.99
20210409T034829.398/20210409T034829.387  -49.47   5.15 +188.76   5.14  -5.00 -40.83
20210409T034950.990/20210409T034950.979  -49.57  25.14 +189.26  25.08  -4.86 -40.74
20210409T035105.381/20210409T035105.370  -49.65  45.14 +189.80  45.08  -4.66 -40.73
20210409T035239.554/20210409T035239.542  -29.46  -4.84 +169.78  -4.85  -5.16 -40.71
20210409T035400.184/20210409T035400.174  -29.53  15.15 +170.20  15.11  -5.05 -40.53
20210409T035531.838/20210409T035531.827  -29.52  35.15 +170.64  35.10  -4.84 -40.49
20210409T035647.758/20210409T035647.746  -29.68  55.15 +171.35  55.11  -4.62 -40.63
20210409T035835.196/20210409T035835.184   -9.40 -14.84 +151.23 -14.86  -5.35 -40.76
20210409T040015.489/20210409T040015.477   -9.44   5.16 +151.65   5.11  -5.24 -40.52
20210409T040134.999/20210409T040134.987   -9.54  25.15 +152.11  25.09  -5.13 -40.42
20210409T040311.036/20210409T040311.026   -9.52  45.15 +152.61  45.10  -4.98 -40.48
20210409T040507.417/20210409T040507.407  +10.63 -24.83 +132.90 -24.87  -5.50 -40.90
20210409T040646.591/20210409T040646.579  +10.57  -4.84 +133.29  -4.90  -5.43 -40.61
20210409T040826.814/20210409T040826.804  +10.57  15.16 +133.70  15.10  -5.33 -40.43
20210409T040959.802/20210409T040959.792  +10.51  35.15 +134.19  35.08  -5.31 -40.49
20210409T041125.036/20210409T041125.026  +10.39  55.16 +134.85  55.09  -5.40 -40.75
20210409T041308.115/20210409T041308.105  +30.59 -14.83 +114.90 -14.89  -6.01 -41.00
20210409T041449.437/20210409T041449.426  +30.59   5.16 +115.28   5.08  -5.93 -40.77
20210409T041619.397/20210409T041619.385  +30.53  25.15 +115.72  25.04  -5.82 -40.68
20210409T041738.858/20210409T041738.848  +30.44  45.15 +116.22  45.05  -5.71 -40.72
20210409T041919.394/20210409T041919.381  +50.59  -4.83  +96.41  -4.92  -6.08 -41.04
20210409T042040.473/20210409T042040.463  +50.52  15.16  +96.80  15.03  -5.96 -40.88
20210409T042219.046/20210409T042219.036  +50.56  35.15  +97.18  35.01  -5.91 -40.83
20210409T042337.440/20210409T042337.427  +50.41  55.16  +97.81  55.02  -5.79 -40.90
20210409T042504.612/20210409T042504.601  +70.53  45.15  +77.92  44.97  -5.95 -41.01
RMS residual = 41.08 am 2465.1 as (without model)
Fitting model ... done.
Residuals:
20210409T034536.834/20210409T034536.822  -69.11  35.13 +207.84  35.06  -4.70 -40.98  -0.10  -0.05
20210409T034650.325/20210409T034650.315  -69.73  55.13 +209.06  55.06  -4.40 -40.99  +0.02  +0.06
20210409T034829.398/20210409T034829.387  -49.47   5.15 +188.76   5.14  -5.00 -40.83  -0.07  -0.07
20210409T034950.990/20210409T034950.979  -49.57  25.14 +189.26  25.08  -4.86 -40.74  -0.04  -0.05
20210409T035105.381/20210409T035105.370  -49.65  45.14 +189.80  45.08  -4.66 -40.73  +0.01  +0.01
20210409T035239.554/20210409T035239.542  -29.46  -4.84 +169.78  -4.85  -5.16 -40.71  -0.03  -0.02
20210409T035400.184/20210409T035400.174  -29.53  15.15 +170.20  15.11  -5.05 -40.53  -0.01  +0.03
20210409T035531.838/20210409T035531.827  -29.52  35.15 +170.64  35.10  -4.84 -40.49  +0.08  +0.05
20210409T035647.758/20210409T035647.746  -29.68  55.15 +171.35  55.11  -4.62 -40.63  +0.13  +0.02
20210409T035835.196/20210409T035835.184   -9.40 -14.84 +151.23 -14.86  -5.35 -40.76  +0.01  +0.00
20210409T040015.489/20210409T040015.477   -9.44   5.16 +151.65   5.11  -5.24 -40.52  +0.05  +0.04
20210409T040134.999/20210409T040134.987   -9.54  25.15 +152.11  25.09  -5.13 -40.42  +0.06  +0.06
20210409T040311.036/20210409T040311.026   -9.52  45.15 +152.61  45.10  -4.98 -40.48  +0.08  +0.04
20210409T040507.417/20210409T040507.407  +10.63 -24.83 +132.90 -24.87  -5.50 -40.90  +0.10  +0.06
20210409T040646.591/20210409T040646.579  +10.57  -4.84 +133.29  -4.90  -5.43 -40.61  +0.12  +0.07
20210409T040826.814/20210409T040826.804  +10.57  15.16 +133.70  15.10  -5.33 -40.43  +0.15  +0.10
20210409T040959.802/20210409T040959.792  +10.51  35.15 +134.19  35.08  -5.31 -40.49  +0.06  +0.02
20210409T041125.036/20210409T041125.026  +10.39  55.16 +134.85  55.09  -5.40 -40.75  -0.21  -0.14
20210409T041308.115/20210409T041308.105  +30.59 -14.83 +114.90 -14.89  -6.01 -41.00  -0.18  -0.07
20210409T041449.437/20210409T041449.426  +30.59   5.16 +115.28   5.08  -5.93 -40.77  -0.15  -0.06
20210409T041619.397/20210409T041619.385  +30.53  25.15 +115.72  25.04  -5.82 -40.68  -0.14  -0.06
20210409T041738.858/20210409T041738.848  +30.44  45.15 +116.22  45.05  -5.71 -40.72  -0.16  -0.07
20210409T041919.394/20210409T041919.381  +50.59  -4.83  +96.41  -4.92  -6.08 -41.04  +0.00  -0.03
20210409T042040.473/20210409T042040.463  +50.52  15.16  +96.80  15.03  -5.96 -40.88  +0.05  -0.03
20210409T042219.046/20210409T042219.036  +50.56  35.15  +97.18  35.01  -5.91 -40.83  -0.00  -0.01
20210409T042337.440/20210409T042337.427  +50.41  55.16  +97.81  55.02  -5.79 -40.90  -0.05  +0.00
20210409T042504.612/20210409T042504.601  +70.53  45.15  +77.92  44.97  -5.95 -41.01  +0.20  +0.12
Config parameters:
      "IH": "+0.000000"
      "ID": "-0.011774"
      "CH": "-0.001543"
      "NP": "+0.000000"
      "MA": "+0.000000"
      "ME": "+0.000000"
      "TF": "+0.000000"
      "FO": "+0.000000"
      "DAF": "+0.000000"
      "HHSH": "+0.000000"
      "HHCH": "+0.000000"
      "HHSH2": "+0.000000"
      "HHCH2": "+0.000000"
      "HDSD": "+0.000000"
      "HDCD": "+0.000000"
      "HDSD2": "+0.000000"
      "HDCD2": "+0.000000"
      "PXD": "+0.000080"
      "PXH": "-0.000191"
      "PXD2": "+0.000039"
      "PXDH": "-0.000011"
      "PXH2": "-0.000031"
      "PDD": "-0.000011"
      "PDH": "-0.000018"
      "PDD2": "-0.000146"
      "PDDH": "+0.000012"
      "PDH2": "-0.000103"
      "DICD": "+0.000000"
      "C0": "+0.000000"
      "C1": "+0.000000"
      "C2": "+0.000000"
      "C3": "+0.000000"
Fit:
ID     = -40.48
CH     =  -5.30
PXD    =  +0.28
PXH    =  -0.66
PXD2   =  +0.13
PXDH   =  -0.04
PXH2   =  -0.11
PDD    =  -0.04
PDH    =  -0.06
PDD2   =  -0.50
PDDH   =  +0.04
PDH2   =  -0.36
RMS residual = 0.12 am 7.3 as (with new model)
RMS residual = 0.12 am 7.3 as (with new model in restricted region)
