RMS residual = 7.40 am 443.7 as
n_pointings = 27
20210409T034536.822/20210409T034536.834  -69.11  35.13 +207.43  35.23 +19.94 +10.16
20210409T034650.315/20210409T034650.325  -69.73  55.13 +208.42  55.24 +22.04 +10.88
20210409T034829.387/20210409T034829.398  -49.47   5.15 +188.48   5.26 +17.13  +6.93
20210409T034950.979/20210409T034950.990  -49.57  25.14 +188.93  25.25 +18.12 +10.75
20210409T035105.370/20210409T035105.381  -49.65  45.14 +189.33  45.25 +20.11 +10.50
20210409T035239.542/20210409T035239.554  -29.46  -4.84 +169.51  -4.74 +16.40  +7.02
20210409T035400.174/20210409T035400.184  -29.53  15.15 +169.91  15.26 +16.82  +8.95
20210409T035531.827/20210409T035531.838  -29.52  35.15 +170.26  35.26 +18.35  +9.73
20210409T035647.746/20210409T035647.758  -29.68  55.15 +170.74  55.27 +20.98  +9.65
20210409T035835.184/20210409T035835.196   -9.40 -14.84 +150.94 -14.75 +16.75  +6.66
20210409T040015.477/20210409T040015.489   -9.44   5.16 +151.37   5.25 +16.50  +8.54
20210409T040134.987/20210409T040134.999   -9.54  25.15 +151.79  25.25 +17.48  +9.61
20210409T040311.026/20210409T040311.036   -9.52  45.15 +152.15  45.26 +19.58  +9.44
20210409T040507.407/20210409T040507.417  +10.63 -24.83 +132.57 -24.77 +17.56  +6.15
20210409T040646.579/20210409T040646.591  +10.57  -4.84 +133.01  -4.76 +16.62  +7.87
20210409T040826.804/20210409T040826.814  +10.57  15.16 +133.41  15.23 +16.92  +8.16
20210409T040959.792/20210409T040959.802  +10.51  35.15 +133.82  35.23 +18.51  +9.22
20210409T041125.026/20210409T041125.036  +10.39  55.16 +134.23  55.24 +21.25  +9.29
20210409T041308.105/20210409T041308.115  +30.59 -14.83 +114.60 -14.79 +17.47  +5.67
20210409T041449.426/20210409T041449.437  +30.59   5.16 +114.99   5.20 +17.01  +7.65
20210409T041619.385/20210409T041619.397  +30.53  25.15 +115.39  25.20 +17.82  +9.48
20210409T041738.848/20210409T041738.858  +30.44  45.15 +115.76  45.20 +19.77  +9.34
20210409T041919.381/20210409T041919.394  +50.59  -4.83  +96.13  -4.83 +16.48  +5.58
20210409T042040.463/20210409T042040.473  +50.52  15.16  +96.51  15.17 +16.51  +8.02
20210409T042219.036/20210409T042219.046  +50.56  35.15  +96.82  35.16 +17.94  +9.28
20210409T042337.427/20210409T042337.440  +50.41  55.16  +97.22  55.17 +20.50  +9.22
20210409T042504.601/20210409T042504.612  +70.53  45.15  +77.51  45.12 +17.65  +9.18
RMS residual = 20.29 am 1217.2 as
Fitting model ... done.
Residuals:
20210409T034536.822/20210409T034536.834  -69.11  35.13 +207.43  35.23 +19.94 +10.16  +0.86  +0.03
20210409T034650.315/20210409T034650.325  -69.73  55.13 +208.42  55.24 +22.04 +10.88  -0.06  +0.19
20210409T034829.387/20210409T034829.398  -49.47   5.15 +188.48   5.26 +17.13  +6.93  +0.36  -1.38
20210409T034950.979/20210409T034950.990  -49.57  25.14 +188.93  25.25 +18.12 +10.75  +0.11  +1.18
20210409T035105.370/20210409T035105.381  -49.65  45.14 +189.33  45.25 +20.11 +10.50  -0.24  +0.23
20210409T035239.542/20210409T035239.554  -29.46  -4.84 +169.51  -4.74 +16.40  +7.02  -0.29  -0.47
20210409T035400.174/20210409T035400.184  -29.53  15.15 +169.91  15.26 +16.82  +8.95  -0.40  +0.02
20210409T035531.827/20210409T035531.838  -29.52  35.15 +170.26  35.26 +18.35  +9.73  -0.52  -0.06
20210409T035647.746/20210409T035647.758  -29.68  55.15 +170.74  55.27 +20.98  +9.65  -0.63  -0.49
20210409T035835.184/20210409T035835.196   -9.40 -14.84 +150.94 -14.75 +16.75  +6.66  -0.17  +0.15
20210409T040015.477/20210409T040015.489   -9.44   5.16 +151.37   5.25 +16.50  +8.54  -0.27  +0.36
20210409T040134.987/20210409T040134.999   -9.54  25.15 +151.79  25.25 +17.48  +9.61  -0.25  +0.35
20210409T040311.026/20210409T040311.036   -9.52  45.15 +152.15  45.26 +19.58  +9.44  -0.21  -0.35
20210409T040507.407/20210409T040507.417  +10.63 -24.83 +132.57 -24.77 +17.56  +6.15  +0.02  +0.87
20210409T040646.579/20210409T040646.591  +10.57  -4.84 +133.01  -4.76 +16.62  +7.87  -0.07  +0.62
20210409T040826.804/20210409T040826.814  +10.57  15.16 +133.41  15.23 +16.92  +8.16  -0.03  -0.44
20210409T040959.792/20210409T040959.802  +10.51  35.15 +133.82  35.23 +18.51  +9.22  +0.18  -0.16
20210409T041125.026/20210409T041125.036  +10.39  55.16 +134.23  55.24 +21.25  +9.29  +0.45  -0.36
20210409T041308.105/20210409T041308.115  +30.59 -14.83 +114.60 -14.79 +17.47  +5.67  +0.44  -0.37
20210409T041449.426/20210409T041449.437  +30.59   5.16 +114.99   5.20 +17.01  +7.65  +0.41  -0.08
20210409T041619.385/20210409T041619.397  +30.53  25.15 +115.39  25.20 +17.82  +9.48  +0.52  +0.66
20210409T041738.848/20210409T041738.858  +30.44  45.15 +115.76  45.20 +19.77  +9.34  +0.68  -0.03
20210409T041919.381/20210409T041919.394  +50.59  -4.83  +96.13  -4.83 +16.48  +5.58  -0.24  -1.01
20210409T042040.463/20210409T042040.473  +50.52  15.16  +96.51  15.17 +16.51  +8.02  -0.21  -0.02
20210409T042219.036/20210409T042219.046  +50.56  35.15  +96.82  35.16 +17.94  +9.28  +0.10  +0.35
20210409T042337.427/20210409T042337.440  +50.41  55.16  +97.22  55.17 +20.50  +9.22  +0.44  -0.04
20210409T042504.601/20210409T042504.612  +70.53  45.15  +77.51  45.12 +17.65  +9.18  -0.98  +0.26
Config parameters:
      "IH": "+0.000000"
      "ID": "+0.002728"
      "CH": "+0.005273"
      "NP": "+0.000000"
      "MA": "+0.000000"
      "ME": "+0.000000"
      "TF": "-0.000420"
      "FO": "+0.000000"
      "DAF": "+0.000000"
      "HHSH": "+0.000000"
      "HHCH": "+0.000000"
      "HHSH2": "+0.000000"
      "HHCH2": "+0.000000"
      "HDSD": "+0.000000"
      "HDCD": "+0.000000"
      "HDSD2": "+0.000000"
      "HDCD2": "+0.000000"
      "PXD": "+0.001498"
      "PXH": "+0.000136"
      "PXD2": "+0.001330"
      "PXDH": "-0.000326"
      "PXH2": "-0.000021"
      "PDD": "+0.000938"
      "PDH": "-0.000172"
      "PDD2": "-0.000622"
      "PDDH": "-0.000050"
      "PDH2": "-0.000109"
      "DICD": "+0.000000"
      "C0": "+0.000000"
      "C1": "+0.000000"
      "C2": "+0.000000"
      "C3": "+0.000000"
Fit:
ID     =  +9.38
CH     = +18.13
TF     =  -1.45
PXD    =  +5.15
PXH    =  +0.47
PXD2   =  +4.57
PXDH   =  -1.12
PXH2   =  -0.07
PDD    =  +3.23
PDH    =  -0.59
PDD2   =  -2.14
PDDH   =  -0.17
PDH2   =  -0.37
RMS residual = 0.67 am 40.4 as
RMS residual = 0.67 am 40.4 as
