RMS residual = 20.22 am 1213.3 as (without model)
n_pointings = 21
20210409T034950.979/20210409T034950C1o  -49.57  25.14 +188.93  25.15 +17.91  +4.48
20210409T035239.542/20210409T035239C1o  -29.46  -4.84 +169.48  -4.79 +18.29  +3.96
20210409T035531.827/20210409T035531C1o  -29.52  35.15 +170.27  35.18 +18.10  +4.66
20210409T035647.746/20210409T035647C1o  -29.68  55.15 +170.82  55.19 +18.08  +5.23
20210409T035835.184/20210409T035835C1o   -9.40 -14.84 +150.91 -14.79 +18.74  +3.81
20210409T040015.477/20210409T040015C1o   -9.44   5.16 +151.34   5.18 +18.69  +4.03
20210409T040134.987/20210409T040135C1o   -9.54  25.15 +151.77  25.17 +18.63  +4.40
20210409T040311.026/20210409T040311C1o   -9.52  45.15 +152.17  45.18 +18.60  +4.96
20210409T040507.407/20210409T040507C1o  +10.63 -24.83 +132.54 -24.81 +19.36  +3.75
20210409T040646.579/20210409T040646C1o  +10.57  -4.84 +132.97  -4.83 +19.27  +3.89
20210409T040826.804/20210409T040826C1o  +10.57  15.16 +133.37  15.17 +19.25  +4.19
20210409T040959.792/20210409T040959C1o  +10.51  35.15 +133.80  35.16 +19.37  +4.76
20210409T041308.105/20210409T041308C1o  +30.59 -14.83 +114.55 -14.82 +20.55  +4.15
20210409T041449.426/20210409T041449C1o  +30.59   5.16 +114.93   5.15 +20.46  +4.34
20210409T041619.385/20210409T041619C1o  +30.53  25.15 +115.34  25.12 +20.44  +4.71
20210409T041738.848/20210409T041738C1o  +30.44  45.15 +115.74  45.13 +20.49  +5.14
20210409T041919.381/20210409T041919C1o  +50.59  -4.83  +96.05  -4.85 +21.26  +4.45
20210409T042040.463/20210409T042040C1o  +50.52  15.16  +96.43  15.11 +21.21  +4.64
20210409T042219.036/20210409T042219C1o  +50.56  35.15  +96.75  35.09 +21.22  +4.92
20210409T042337.427/20210409T042337C1o  +50.41  55.16  +97.19  55.10 +21.34  +5.30
20210409T042504.601/20210409T042504C1o  +70.53  45.15  +77.41  45.05 +21.76  +5.03
RMS residual = 20.22 am 1213.3 as (with original model)
Fitting model ... done.
Residuals:
20210409T034950.979/20210409T034950C1o  -49.57  25.14 +188.93  25.15 +17.91  +4.48  -0.01  +0.02
20210409T035239.542/20210409T035239C1o  -29.46  -4.84 +169.48  -4.79 +18.29  +3.96  +0.16  -0.06
20210409T035531.827/20210409T035531C1o  -29.52  35.15 +170.27  35.18 +18.10  +4.66  +0.01  -0.00
20210409T035647.746/20210409T035647C1o  -29.68  55.15 +170.82  55.19 +18.08  +5.23  -0.01  +0.09
20210409T035835.184/20210409T035835C1o   -9.40 -14.84 +150.91 -14.79 +18.74  +3.81  +0.04  +0.05
20210409T040015.477/20210409T040015C1o   -9.44   5.16 +151.34   5.18 +18.69  +4.03  +0.02  +0.05
20210409T040134.987/20210409T040135C1o   -9.54  25.15 +151.77  25.17 +18.63  +4.40  -0.02  -0.06
20210409T040311.026/20210409T040311C1o   -9.52  45.15 +152.17  45.18 +18.60  +4.96  -0.05  -0.11
20210409T040507.407/20210409T040507C1o  +10.63 -24.83 +132.54 -24.81 +19.36  +3.75  -0.16  -0.05
20210409T040646.579/20210409T040646C1o  +10.57  -4.84 +132.97  -4.83 +19.27  +3.89  -0.21  +0.03
20210409T040826.804/20210409T040826C1o  +10.57  15.16 +133.37  15.17 +19.25  +4.19  -0.20  -0.05
20210409T040959.792/20210409T040959C1o  +10.51  35.15 +133.80  35.16 +19.37  +4.76  -0.07  -0.07
20210409T041308.105/20210409T041308C1o  +30.59 -14.83 +114.55 -14.82 +20.55  +4.15  +0.17  +0.06
20210409T041449.426/20210409T041449C1o  +30.59   5.16 +114.93   5.15 +20.46  +4.34  +0.11  +0.13
20210409T041619.385/20210409T041619C1o  +30.53  25.15 +115.34  25.12 +20.44  +4.71  +0.10  +0.10
20210409T041738.848/20210409T041738C1o  +30.44  45.15 +115.74  45.13 +20.49  +5.14  +0.15  -0.00
20210409T041919.381/20210409T041919C1o  +50.59  -4.83  +96.05  -4.85 +21.26  +4.45  +0.04  -0.14
20210409T042040.463/20210409T042040C1o  +50.52  15.16  +96.43  15.11 +21.21  +4.64  +0.01  +0.01
20210409T042219.036/20210409T042219C1o  +50.56  35.15  +96.75  35.09 +21.22  +4.92  +0.01  +0.02
20210409T042337.427/20210409T042337C1o  +50.41  55.16  +97.19  55.10 +21.34  +5.30  +0.11  +0.01
20210409T042504.601/20210409T042504C1o  +70.53  45.15  +77.41  45.05 +21.76  +5.03  -0.19  -0.01
Config parameters:
      "IH": "+0.000000"
      "ID": "+0.001360"
      "CH": "+0.005530"
      "NP": "+0.000000"
      "MA": "+0.000000"
      "ME": "+0.000000"
      "TF": "+0.001127"
      "FO": "+0.000000"
      "DAF": "+0.000000"
      "HHSH": "+0.000000"
      "HHCH": "+0.000000"
      "HHSH2": "+0.000000"
      "HHCH2": "+0.000000"
      "HDSD": "+0.000000"
      "HDCD": "+0.000000"
      "HDSD2": "+0.000000"
      "HDCD2": "+0.000000"
      "PXD": "+0.000012"
      "PXH": "-0.000307"
      "PXD2": "+0.000024"
      "PXDH": "-0.000000"
      "PXH2": "+0.000207"
      "PDD": "-0.000605"
      "PDH": "+0.000053"
      "PDD2": "+0.000077"
      "PDDH": "+0.000060"
      "PDH2": "+0.000231"
      "DICD": "+0.000000"
      "C0": "+0.000000"
      "C1": "+0.000000"
      "C2": "+0.000000"
      "C3": "+0.000000"
Fit:
ID     =  +4.68
CH     = +19.01
TF     =  +3.87
PXD    =  +0.04
PXH    =  -1.06
PXD2   =  +0.08
PXDH   =  -0.00
PXH2   =  +0.71
PDD    =  -2.08
PDH    =  +0.18
PDD2   =  +0.27
PDDH   =  +0.21
PDH2   =  +0.79
RMS residual = 0.13 am 8.0 as (with new model)
RMS residual = 0.13 am 8.0 as (with new model in restricted region)
